> Verifying that Docker is installed .......... NOT INSTALLED
> Would you like to install Docker? This will run 'curl https://get.docker.com/ | sh'. [Y/n]
> Installing Docker ........................... OK
> Verifying Docker installation ............... OK
> Verifying that Docker daemon is running ..... OK
> Setting PUBLIC_HOSTNAME to external IP ...... OK
> Creating persistent state dir ............... OK
> Generating secret key ....................... OK
> Generating TLS certificate .................. OK
> Generating SHA-256 certificate fingerprint .. OK
> Writing config .............................. OK
> Starting Shadowbox .......................... OK
> Starting Watchtower ......................... OK
> Waiting for Outline server to be healthy .... OK
> Creating first user ......................... OK
> Adding API URL to config .................... OK
> Checking host firewall ...................... OK

CONGRATULATIONS! Your Outline server is up and running.

To manage your Outline server, please copy the following line (including curly
brackets) into Step 2 of the Outline Manager interface:

{"apiUrl":"https://109.120.178.97:55175/9cFR79qGurakTyvBGk8KQQ","certSha256":"603C02A6ACDC1528A6BA475FA24D1D8F6CE2C3E105331957176C780D3057100C"}

If you have connection problems, it may be that your router or cloud provider
blocks inbound connections, even though your machine seems to allow them.

Make sure to open the following ports on your firewall, router or cloud provider:
- Management port 55175, for TCP
- Access key port 3239, for TCP and UDP

If you use UFW, you can allow these ports with:
  sudo ufw allow 55175/tcp
  sudo ufw allow 3239/tcp
  sudo ufw allow 3239/udp
